<?xml version="1.0" encoding="UTF-8"?>
<!-- Generated by org.testng.reporters.JUnitReportReporter -->
<testsuite hostname="SRIMAMID-IN" failures="0" tests="1" name="LoginandHomePageTest" time="0.036" errors="0" timestamp="1 Feb 2021 18:06:09 GMT">
  <testcase classname="LoginandHomePageTest" name="ahomePageTest" time="0.036"/>
</testsuite>
